TN:
SF:/class/classes/alamp009/lab-6-code-coverage-lab-6-varor004-alamp009/src/testsubject.cpp
FN:3,_ZN11TestSubject6isEvenEi
FNDA:7,_ZN11TestSubject6isEvenEi
FN:7,_ZN11TestSubject6squareEi
FNDA:4,_ZN11TestSubject6squareEi
DA:3,7
DA:4,7
DA:7,4
DA:8,4
DA:9,2
DA:12,2
end_of_record
TN:
SF:/class/classes/alamp009/lab-6-code-coverage-lab-6-varor004-alamp009/src/Triangle.cpp
FN:9,_ZN6shapes8TriangleC2Eiii
FNDA:10,_ZN6shapes8TriangleC2Eiii
FN:19,_ZNK6shapes8Triangle12getPerimeterEv
FNDA:5,_ZNK6shapes8Triangle12getPerimeterEv
FN:25,_ZNK6shapes8Triangle7getAreaEv
FNDA:3,_ZNK6shapes8Triangle7getAreaEv
FN:37,_ZNK6shapes8Triangle11isIsoscelesEv
FNDA:3,_ZNK6shapes8Triangle11isIsoscelesEv
FN:43,_ZNK6shapes8Triangle13isEquilateralEv
FNDA:4,_ZNK6shapes8Triangle13isEquilateralEv
FN:49,_ZNK6shapes8Triangle7getKindEv
FNDA:4,_ZNK6shapes8Triangle7getKindEv
DA:9,10
DA:12,10
DA:13,10
DA:14,10
DA:15,10
DA:19,5
DA:20,5
DA:25,3
DA:27,3
DA:28,3
DA:29,3
DA:30,3
DA:31,3
DA:32,3
DA:37,3
DA:38,3
DA:43,4
DA:44,4
DA:49,4
DA:50,4
DA:51,1
DA:52,3
DA:53,1
DA:55,2
end_of_record
TN:
SF:/class/classes/alamp009/lab-6-code-coverage-lab-6-varor004-alamp009/src/Hailstone.cpp
FN:9,_ZN8sequence18satisfiesHailstoneEm
FNDA:7,_ZN8sequence18satisfiesHailstoneEm
DA:9,7
DA:10,7
DA:11,1
DA:15,639
DA:16,6
DA:17,633
DA:18,401
DA:20,232
end_of_record
