        -:    0:Source:/class/classes/alamp009/lab-6-code-coverage-lab-6-varor004-alamp009/src/Triangle.cpp
        -:    0:Graph:Triangle.cpp.gcno
        -:    0:Data:Triangle.cpp.gcda
        -:    0:Runs:1
        -:    0:Programs:1
        -:    1:#include <math.h>
        -:    2:#include <assert.h>
        -:    3:#include "../lib/Triangle.h"
        -:    4:
        -:    5:
        -:    6:using shapes::Triangle;
        -:    7:
        -:    8:
       10:    9:Triangle::Triangle(int side1, int side2, int side3)
        -:   10:  : side1{side1},
        -:   11:    side2{side2},
       10:   12:    side3{side3} {
      10*:   13:  assert(side1 >= side2 && side1 >= side3 && "First side is not the longest");
      10*:   14:  assert(side1 < side2 + side3 && "Does not satisfy triangle inequality");
       10:   15:}
        -:   16:
        -:   17:
        -:   18:int
        5:   19:Triangle::getPerimeter() const {
        5:   20:  return side1 + side2 + side3;
        -:   21:}
        -:   22:
        -:   23:
        -:   24:double
        3:   25:Triangle::getArea() const {
        -:   26:  // Here we use Heron's formula to compute the area
        3:   27:  double halfPerimeter = getPerimeter() / 2.0;
        3:   28:  double radicand = halfPerimeter
        3:   29:                    * (halfPerimeter - side1)
        3:   30:                    * (halfPerimeter - side2)
        3:   31:                    * (halfPerimeter - side3);
        3:   32:  return sqrt(radicand);
        -:   33:}
        -:   34:
        -:   35:
        -:   36:bool
        3:   37:Triangle::isIsosceles() const {
        3:   38:  return side1 == side2 || side2 == side3 || side1 == side3;
        -:   39:}
        -:   40:
        -:   41:
        -:   42:bool
        4:   43:Triangle::isEquilateral() const {
        4:   44:  return side1 == side2 && side2 == side3;
        -:   45:}
        -:   46:
        -:   47:
        -:   48:Triangle::Kind
        4:   49:Triangle::getKind() const {
        4:   50:  if (isEquilateral()) {
        1:   51:    return Kind::EQUILATERAL;    
        3:   52:  } else if (isIsosceles()) {
        1:   53:    return Kind::ISOSCELES;
        -:   54:  } else {
        2:   55:    return Kind::SCALENE;
        -:   56:  }
        -:   57:}
