        -:    0:Source:cov.cpp
        -:    0:Graph:cov.gcno
        -:    0:Data:cov.gcda
        -:    0:Runs:1
        -:    0:Programs:1
        -:    1:#include <stdio.h>
        -:    2:
        1:    3:int main ()
        -:    4:{
        -:    5:  int i;
        -:    6:
       10:    7:  for (i = 1; i < 10; i++)
        -:    8:    {
        9:    9:      if (i % 3 == 0)
        3:   10:        printf ("%d is divisible by 3\n", i);
        9:   11:      if (i % 11 == 0)
    #####:   12:        printf ("%d is divisible by 11\n", i);
        -:   13:    }
        -:   14:
        1:   15:  return 0;
        -:   16:}
